
scontrol show jobid 7554722
JobId=7554722 JobName=debugjob-1-tmontoya
   UserId=tmontoya(3046870) GroupId=zingg(6000086) MCS_label=N/A
   Priority=11564634 Nice=0 Account=rrg-zingg-ad QOS=normal
   JobState=COMPLETING Reason=None Dependency=(null)
   Requeue=0 Restarts=0 BatchFlag=0 Reboot=0 ExitCode=0:0
   RunTime=00:20:20 TimeLimit=01:00:00 TimeMin=N/A
   SubmitTime=2022-06-10T13:43:24 EligibleTime=2022-06-10T13:43:24
   AccrueTime=2022-06-10T13:43:24
   StartTime=2022-06-10T13:43:27 EndTime=2022-06-10T14:03:47 Deadline=N/A
   SuspendTime=None SecsPreSuspend=0 LastSchedEval=2022-06-10T13:43:27 Scheduler=Main
   Partition=debug AllocNode:Sid=nia-login07:148837
   ReqNodeList=(null) ExcNodeList=(null)
   NodeList=nia0197
   BatchHost=nia0197
   NumNodes=1 NumCPUs=80 NumTasks=40 CPUs/Task=1 ReqB:S:C:T=0:0:*:*
   TRES=cpu=80,mem=175000M,node=1,billing=40
   Socks/Node=* NtasksPerN:B:S:C=0:0:*:* CoreSpec=*
   MinCPUsNode=1 MinMemoryNode=175000M MinTmpDiskNode=0
   Features=[skylake|cascade] DelayBoot=00:00:00
   OverSubscribe=NO Contiguous=0 Licenses=(null) Network=(null)
   Command=(null)
   WorkDir=/gpfs/fs0/scratch/z/zingg/tmontoya/CLOUD.jl/drivers
   Comment=/opt/slurm/bin/salloc --time=1:0:0 --job-name=debugjob-1-tmontoya --nodes=1 --ntasks=40 -p debug --exclusive 
   Power=
   

sacct -j 7554722
JobID           JobName    Account    Elapsed  MaxVMSize     MaxRSS  SystemCPU    UserCPU ExitCode 
------------ ---------- ---------- ---------- ---------- ---------- ---------- ---------- -------- 
7554722      debugjob-+ rrg-zingg+   00:20:20                        00:00.229  00:00.276      0:0 
7554722.int+ interacti+ rrg-zingg+   00:21:20    275636K      2252K  00:00.229  00:00.275      0:9 
7554722.ext+     extern rrg-zingg+   00:20:20    142384K       944K   00:00:00   00:00:00      0:0 
