
scontrol show jobid 7554562
JobId=7554562 JobName=debugjob-1-tmontoya
   UserId=tmontoya(3046870) GroupId=zingg(6000086) MCS_label=N/A
   Priority=11564634 Nice=0 Account=rrg-zingg-ad QOS=normal
   JobState=COMPLETING Reason=TimeLimit Dependency=(null)
   Requeue=0 Restarts=0 BatchFlag=0 Reboot=0 ExitCode=0:0
   RunTime=01:00:05 TimeLimit=01:00:00 TimeMin=N/A
   SubmitTime=2022-06-10T12:40:38 EligibleTime=2022-06-10T12:40:38
   AccrueTime=2022-06-10T12:40:38
   StartTime=2022-06-10T12:40:38 EndTime=2022-06-10T13:40:43 Deadline=N/A
   SuspendTime=None SecsPreSuspend=0 LastSchedEval=2022-06-10T12:40:38 Scheduler=Main
   Partition=debug AllocNode:Sid=nia-login07:148837
   ReqNodeList=(null) ExcNodeList=(null)
   NodeList=nia0112
   BatchHost=nia0112
   NumNodes=1 NumCPUs=80 NumTasks=40 CPUs/Task=1 ReqB:S:C:T=0:0:*:*
   TRES=cpu=80,mem=175000M,node=1,billing=40
   Socks/Node=* NtasksPerN:B:S:C=0:0:*:* CoreSpec=*
   MinCPUsNode=1 MinMemoryNode=175000M MinTmpDiskNode=0
   Features=[skylake|cascade] DelayBoot=00:00:00
   OverSubscribe=NO Contiguous=0 Licenses=(null) Network=(null)
   Command=(null)
   WorkDir=/gpfs/fs0/scratch/z/zingg/tmontoya/CLOUD.jl/drivers
   Comment=/opt/slurm/bin/salloc --time=1:0:0 --job-name=debugjob-1-tmontoya --nodes=1 --ntasks=40 -p debug --exclusive 
   Power=
   

sacct -j 7554562
JobID           JobName    Account    Elapsed  MaxVMSize     MaxRSS  SystemCPU    UserCPU ExitCode 
------------ ---------- ---------- ---------- ---------- ---------- ---------- ---------- -------- 
7554562      debugjob-+ rrg-zingg+   01:00:05                        02:16.634  35:19.063      0:0 
7554562.int+ interacti+ rrg-zingg+   01:01:04   7685380K   4038872K  02:14.634  35:18.061      0:9 
7554562.ext+     extern rrg-zingg+   01:00:07    653416K     15828K   00:00:02  00:01.001      0:0 
